0 info it worked if it ends with ok
1 verbose cli [ 'C:\\Program Files\\nodejs\\node.exe',
1 verbose cli   'C:\\Program Files\\nodejs\\node_modules\\npm\\bin\\npm-cli.js',
1 verbose cli   'start' ]
2 info using npm@4.0.5
3 info using node@v7.4.0
4 verbose run-script [ 'prestart', 'start', 'poststart' ]
5 info lifecycle lake-schema@0.0.0~prestart: lake-schema@0.0.0
6 silly lifecycle lake-schema@0.0.0~prestart: no script for prestart, continuing
7 info lifecycle lake-schema@0.0.0~start: lake-schema@0.0.0
8 verbose lifecycle lake-schema@0.0.0~start: unsafe-perm in lifecycle true
9 verbose lifecycle lake-schema@0.0.0~start: PATH: C:\Program Files\nodejs\node_modules\npm\bin\node-gyp-bin;C:\Users\e\WebstormProjects\node application\lake_schema\node_modules\.bin;C:\Program Files\nodejs;C:\Program Files\nodejs;C:\Users\e\AppData\Roaming\npm;c:\Program files\git\bin;C:\Program Files\Heroku\bin;C:\Program Files\MongoDB\Server\3.4\bin;C:\\Program Files\\nodejs\\node_modules\\npm\\bin\\npm-cli.js',;C:\Users\e\Downloads\express-master\express-master\bin\express;C:\WINDOWS\system32;C:\Users\e\AppData\Roaming\npm\node_modules\express-generator\bin;C:\Program Files\nodejs\node_modules\npm\bin
10 verbose lifecycle lake-schema@0.0.0~start: CWD: C:\Users\e\WebstormProjects\node application\lake_schema
11 silly lifecycle lake-schema@0.0.0~start: Args: [ '/d /s /c', 'node ./bin/www' ]
12 silly lifecycle lake-schema@0.0.0~start: Returned: code: 1  signal: null
13 info lifecycle lake-schema@0.0.0~start: Failed to exec start script
14 verbose stack Error: lake-schema@0.0.0 start: `node ./bin/www`
14 verbose stack Exit status 1
14 verbose stack     at EventEmitter.<anonymous> (C:\Program Files\nodejs\node_modules\npm\lib\utils\lifecycle.js:279:16)
14 verbose stack     at emitTwo (events.js:106:13)
14 verbose stack     at EventEmitter.emit (events.js:191:7)
14 verbose stack     at ChildProcess.<anonymous> (C:\Program Files\nodejs\node_modules\npm\lib\utils\spawn.js:40:14)
14 verbose stack     at emitTwo (events.js:106:13)
14 verbose stack     at ChildProcess.emit (events.js:191:7)
14 verbose stack     at maybeClose (internal/child_process.js:885:16)
14 verbose stack     at Process.ChildProcess._handle.onexit (internal/child_process.js:226:5)
15 verbose pkgid lake-schema@0.0.0
16 verbose cwd C:\Users\e\WebstormProjects\node application\lake_schema
17 error Windows_NT 10.0.14393
18 error argv "C:\\Program Files\\nodejs\\node.exe" "C:\\Program Files\\nodejs\\node_modules\\npm\\bin\\npm-cli.js" "start"
19 error node v7.4.0
20 error npm  v4.0.5
21 error code ELIFECYCLE
22 error lake-schema@0.0.0 start: `node ./bin/www`
22 error Exit status 1
23 error Failed at the lake-schema@0.0.0 start script 'node ./bin/www'.
23 error Make sure you have the latest version of node.js and npm installed.
23 error If you do, this is most likely a problem with the lake-schema package,
23 error not with npm itself.
23 error Tell the author that this fails on your system:
23 error     node ./bin/www
23 error You can get information on how to open an issue for this project with:
23 error     npm bugs lake-schema
23 error Or if that isn't available, you can get their info via:
23 error     npm owner ls lake-schema
23 error There is likely additional logging output above.
24 verbose exit [ 1, true ]
